<?xml version="1.0" encoding="UTF-8" ?>
<testsuite tests="93" failures="0" name="jp.co.misumi.Spring_Batch.AppTest" time="0.553" errors="0" skipped="0">
  <properties>
[...]
</properties>
  <testcase classname="jp.co.misumi.Spring_Batch.AppTest" name="testApp" time="0.006"/>
  <testcase classname="jp.co.misumi.Spring_Batch.ItemProcessorTest" name="testTransferProcessor" time="0.053"/>
  <testcase classname="jp.co.misumi.Spring_Batch.ItemProcessorTest" name="testBacthDiv1" time="0.001"/>
  <testcase classname="jp.co.misumi.Spring_Batch.ItemProcessorTest" name="testBacthDiv2" time="0"/>
  <testcase classname="jp.co.misumi.Spring_Batch.ItemProcessorTest" name="testBacthDiv3" time="0"/>
  <testcase classname="jp.co.misumi.Spring_Batch.ItemProcessorTest" name="testBacthDiv4" time="0.001"/>
  <testcase classname="jp.co.misumi.Spring_Batch.ItemProcessorTest" name="testBacthDiv5" time="0"/>
  <testcase classname="jp.co.misumi.Spring_Batch.ItemProcessorTest" name="testbrandNameForProductCdElse" time="0"/>
  <testcase classname="jp.co.misumi.Spring_Batch.ItemProcessorTest" name="testChildSeq" time="0.015"/>
  <testcase classname="jp.co.misumi.Spring_Batch.ItemProcessorTest" name="testTmpPackingPrintFlgJp1" time="0.001"/>
  <testcase classname="jp.co.misumi.Spring_Batch.ItemProcessorTest" name="testTmpPackingPrintFlgJp2" time="0"/>
  <testcase classname="jp.co.misumi.Spring_Batch.ItemProcessorTest" name="testTmpPackingPrintFlgJp3" time="0"/>
  <testcase classname="jp.co.misumi.Spring_Batch.ItemProcessorTest" name="testTmpPackingPrintFlgJp4" time="0"/>
  <testcase classname="jp.co.misumi.Spring_Batch.ItemProcessorTest" name="testMJPWithHeaderGrp0" time="0.02"/>
  <testcase classname="jp.co.misumi.Spring_Batch.ItemProcessorTest" name="testMJPWithHeaderGrp2" time="0.019"/>
  <testcase classname="jp.co.misumi.Spring_Batch.ItemProcessorTest" name="testExcludeTaxSUPrice" time="0.013"/>
  <testcase classname="jp.co.misumi.Spring_Batch.ItemProcessorTest" name="testCustName_2JpNvl" time="0"/>
  <testcase classname="jp.co.misumi.Spring_Batch.ItemProcessorTest" name="testNoMJPWithCustRefGrp0" time="0.006"/>
  <testcase classname="jp.co.misumi.Spring_Batch.ItemProcessorTest" name="testDirectInputInfor" time="0.008"/>
  <testcase classname="jp.co.misumi.Spring_Batch.ItemProcessorTest" name="testMcPlantDiv" time="0.007"/>
  <testcase classname="jp.co.misumi.Spring_Batch.ItemProcessorTest" name="testCrd" time="0.007"/>
  <testcase classname="jp.co.misumi.Spring_Batch.ItemProcessorTest" name="testGrp" time="0.012"/>
  <testcase classname="jp.co.misumi.Spring_Batch.ItemProcessorTest" name="testcustsubSubsidiaryCd" time="0.01"/>
  <testcase classname="jp.co.misumi.Spring_Batch.ItemProcessorTest" name="testShipToCdExistInfor" time="0.009"/>
  <testcase classname="jp.co.misumi.Spring_Batch.ItemProcessorTest" name="testCrtDt" time="0.008"/>
  <testcase classname="jp.co.misumi.Spring_Batch.ItemProcessorTest" name="testPlant" time="0.036"/>
  <testcase classname="jp.co.misumi.Spring_Batch.ItemProcessorTest" name="testGrp1" time="0.008"/>
  <testcase classname="jp.co.misumi.Spring_Batch.ItemProcessorTest" name="testGrp2" time="0.023"/>
  <testcase classname="jp.co.misumi.Spring_Batch.ItemProcessorTest" name="testGrp3" time="0.012"/>
  <testcase classname="jp.co.misumi.Spring_Batch.ItemProcessorTest" name="testCustCategoryCd01" time="0.006"/>
  <testcase classname="jp.co.misumi.Spring_Batch.ItemProcessorTest" name="testCustCategoryCd02" time="0.007"/>
  <testcase classname="jp.co.misumi.Spring_Batch.ItemProcessorTest" name="testPurcPrice" time="0.011"/>
  <testcase classname="jp.co.misumi.Spring_Batch.ItemProcessorTest" name="testCustCategoryCd" time="0.007"/>
  <testcase classname="jp.co.misumi.Spring_Batch.ItemProcessorTest" name="testSubsidiaryCdArrDt" time="0.008"/>
  <testcase classname="jp.co.misumi.Spring_Batch.ItemProcessorTest" name="testExportFlgFalseNotExis" time="0.006"/>
  <testcase classname="jp.co.misumi.Spring_Batch.ItemProcessorTest" name="testExportFlgTrueExis" time="0.007"/>
  <testcase classname="jp.co.misumi.Spring_Batch.ItemProcessorTest" name="testShipToCdExist" time="0.005"/>
  <testcase classname="jp.co.misumi.Spring_Batch.ItemProcessorTest" name="testExportFlg1" time="0.05"/>
  <testcase classname="jp.co.misumi.Spring_Batch.ItemProcessorTest" name="testShipToCdNotExist" time="0.013"/>
  <testcase classname="jp.co.misumi.Spring_Batch.ItemProcessorTest" name="testCustName_2JpNotSpace" time="0"/>
  <testcase classname="jp.co.misumi.Spring_Batch.ItemProcessorTest" name="testExportFlgFalse" time="0.015"/>
  <testcase classname="jp.co.misumi.Spring_Batch.ItemProcessorTest" name="testCustsubSubsidiaryCd" time="0.01"/>
  <testcase classname="jp.co.misumi.Spring_Batch.ItemProcessorTest" name="testGrpNot2" time="0.004"/>
  <testcase classname="jp.co.misumi.Spring_Batch.ItemProcessorTest" name="testMJPWithEngHeaderGrp0" time="0.004"/>
  <testcase classname="jp.co.misumi.Spring_Batch.ItemProcessorTest" name="testMJPWithEngHeaderGrp2" time="0.004"/>
  <testcase classname="jp.co.misumi.Spring_Batch.ItemProcessorTest" name="testNoShipToCd" time="0.004"/>
  <testcase classname="jp.co.misumi.Spring_Batch.ItemProcessorTest" name="testCustNotEsSubsidiary" time="0.004"/>
  <testcase classname="jp.co.misumi.Spring_Batch.ItemProcessorTest" name="testOrderMsgCd" time="0.006"/>
  <testcase classname="jp.co.misumi.Spring_Batch.ItemProcessorTest" name="testExportFlg1CustName" time="0.006"/>
  <testcase classname="jp.co.misumi.Spring_Batch.ItemProcessorTest" name="testMJPWithcustRefGrp0" time="0.006"/>
  <testcase classname="jp.co.misumi.Spring_Batch.ItemProcessorTest" name="testCometSeq" time="0.005"/>
  <testcase classname="jp.co.misumi.Spring_Batch.ItemProcessorTest" name="testShipToCdTrueNotExistInfor" time="0.004"/>
  <testcase classname="jp.co.misumi.Spring_Batch.ItemProcessorTest" name="testRankPatrolDiv" time="0.005"/>
  <testcase classname="jp.co.misumi.Spring_Batch.ItemProcessorTest" name="testSchdArrDt" time="0.005"/>
  <testcase classname="jp.co.misumi.Spring_Batch.ItemProcessorTest" name="testShipToCdNotExistInfor" time="0.004"/>
  <testcase classname="jp.co.misumi.Spring_Batch.ItemProcessorTest" name="testLabelEarlyObjectDivJp1" time="0.001"/>
  <testcase classname="jp.co.misumi.Spring_Batch.ItemProcessorTest" name="testLabelEarlyObjectDivJp2" time="0"/>
  <testcase classname="jp.co.misumi.Spring_Batch.ItemProcessorTest" name="testLabelEarlyObjectDivJp3" time="0"/>
  <testcase classname="jp.co.misumi.Spring_Batch.ItemProcessorTest" name="testLabelEarlyObjectDivJp4" time="0"/>
  <testcase classname="jp.co.misumi.Spring_Batch.ItemProcessorTest" name="testRefStr1" time="0"/>
  <testcase classname="jp.co.misumi.Spring_Batch.ItemProcessorTest" name="testRefStr2" time="0"/>
  <testcase classname="jp.co.misumi.Spring_Batch.ItemProcessorTest" name="testRefStr3" time="0"/>
  <testcase classname="jp.co.misumi.Spring_Batch.ItemProcessorTest" name="testRefStr4" time="0"/>
  <testcase classname="jp.co.misumi.Spring_Batch.ItemProcessorTest" name="testRefStr5" time="0"/>
  <testcase classname="jp.co.misumi.Spring_Batch.ItemProcessorTest" name="testRefStr6" time="0"/>
  <testcase classname="jp.co.misumi.Spring_Batch.ItemProcessorTest" name="testRefStr7" time="0"/>
  <testcase classname="jp.co.misumi.Spring_Batch.ItemProcessorTest" name="testRefStr8" time="0"/>
  <testcase classname="jp.co.misumi.Spring_Batch.ItemProcessorTest" name="testGrp2ntvDeliNotEuqal" time="0.006"/>
  <testcase classname="jp.co.misumi.Spring_Batch.ItemProcessorTest" name="testbrandNameForProductCd" time="0"/>
  <testcase classname="jp.co.misumi.Spring_Batch.ItemProcessorTest" name="testCustName_2JpSpace" time="0"/>
  <testcase classname="jp.co.misumi.Spring_Batch.ItemProcessorTest" name="testShipToCdBLANKInfor" time="0.006"/>
  <testcase classname="jp.co.misumi.Spring_Batch.ItemProcessorTest" name="testGrp2ntvDeli" time="0.006"/>
  <testcase classname="jp.co.misumi.Spring_Batch.ItemProcessorTest" name="testFixedValue" time="0.006"/>
  <testcase classname="jp.co.misumi.Spring_Batch.ItemProcessorTest" name="testFinalCustNameEn1" time="0"/>
  <testcase classname="jp.co.misumi.Spring_Batch.ItemProcessorTest" name="testFinalCustNameEn2" time="0"/>
  <testcase classname="jp.co.misumi.Spring_Batch.ItemProcessorTest" name="testFinalCustNameEn3" time="0"/>
  <testcase classname="jp.co.misumi.Spring_Batch.ItemProcessorTest" name="testFinalCustNameEn4" time="0"/>
  <testcase classname="jp.co.misumi.Spring_Batch.ItemProcessorTest" name="testGrp2Deli" time="0.004"/>
  <testcase classname="jp.co.misumi.Spring_Batch.ItemProcessorTest" name="testBrandProductCdJp1" time="0"/>
  <testcase classname="jp.co.misumi.Spring_Batch.ItemProcessorTest" name="testBrandProductCdJp2" time="0.001"/>
  <testcase classname="jp.co.misumi.Spring_Batch.ItemProcessorTest" name="testBrandProductCdJp3" time="0"/>
  <testcase classname="jp.co.misumi.Spring_Batch.ItemProcessorTest" name="testSchdShipDt" time="0.004"/>
  <testcase classname="jp.co.misumi.Spring_Batch.ItemProcessorTest" name="testInptCustEsSubsidiary" time="0.004"/>
  <testcase classname="jp.co.misumi.Spring_Batch.ItemProcessorTest" name="testShipTo" time="0.004"/>
  <testcase classname="jp.co.misumi.Spring_Batch.ItemProcessorTest" name="testOrderMsgCd9001" time="0.004"/>
  <testcase classname="jp.co.misumi.Spring_Batch.ItemProcessorTest" name="testOrderMsgCd9002" time="0.003"/>
  <testcase classname="jp.co.misumi.Spring_Batch.ItemProcessorTest" name="testSoDate" time="0.004"/>
  <testcase classname="jp.co.misumi.Spring_Batch.ItemProcessorTest" name="testbrandNameForProductCdMISUMI" time="0"/>
  <testcase classname="jp.co.misumi.Spring_Batch.ItemProcessorTest" name="testMJPWithCustRefGrp0" time="0.004"/>
  <testcase classname="jp.co.misumi.Spring_Batch.ItemProcessorTest" name="testMJPWithCustRefGrp2" time="0.004"/>
  <testcase classname="jp.co.misumi.Spring_Batch.ItemProcessorTest" name="testNoSubsidiaryCdArrDt" time="0.004"/>
  <testcase classname="jp.co.misumi.Spring_Batch.ItemProcessorTest" name="testExportFlg0CustName" time="0.004"/>
  <testcase classname="jp.co.misumi.Spring_Batch.ItemProcessorTest" name="testNoChildSeq" time="0.003"/>
</testsuite>